Demo/app/build/intermediates/manifest_merge_blame_file/debug/manifest-merger-blame-debug-report.txt
1<?xml version="1.0" encoding="utf-8"?>
2<manifest xmlns:android="http://schemas.android.com/apk/res/android"
3    package="io.openim.android.demo"
4    android:versionCode="1"
5    android:versionName="1.0" >
6
7    <uses-sdk
8        android:minSdkVersion="21"
8-->src/main/AndroidManifest.xml
9        android:targetSdkVersion="32" />
9-->src/main/AndroidManifest.xml
10
11    <uses-permission android:name="android.permission.ACCESS_NETWORK_STATE" />
11-->[:OUICore] AndroidManifest.xml:9:5-79
11-->[:OUICore] AndroidManifest.xml:9:22-76
12    <uses-permission android:name="android.permission.INTERNET" />
12-->[:OUICore] AndroidManifest.xml:10:5-67
12-->[:OUICore] AndroidManifest.xml:10:22-64
13
14    <application
14-->src/main/AndroidManifest.xml:5:5-42:19
15        android:name="io.openim.android.demo.DemoApplication"
15-->src/main/AndroidManifest.xml:6:9-40
16        android:allowBackup="true"
16-->src/main/AndroidManifest.xml:7:9-35
17        android:appComponentFactory="androidx.core.app.CoreComponentFactory"
17-->[androidx.core:core:1.5.0] AndroidManifest.xml:24:18-86
18        android:debuggable="true"
19        android:icon="@mipmap/ic_launcher"
19-->src/main/AndroidManifest.xml:8:9-43
20        android:label="@string/app_name"
20-->src/main/AndroidManifest.xml:9:9-41
21        android:supportsRtl="true"
21-->src/main/AndroidManifest.xml:10:9-35
22        android:testOnly="true"
23        android:theme="@style/Theme.Demo"
23-->src/main/AndroidManifest.xml:11:9-42
24        android:usesCleartextTraffic="true" >
24-->src/main/AndroidManifest.xml:12:9-44
25        <activity
25-->src/main/AndroidManifest.xml:13:9-15:40
26            android:name="io.openim.android.demo.ui.search.SendVerifyActivity"
26-->src/main/AndroidManifest.xml:14:13-57
27            android:exported="false" />
27-->src/main/AndroidManifest.xml:15:13-37
28        <activity
28-->src/main/AndroidManifest.xml:16:9-18:40
29            android:name="io.openim.android.demo.ui.search.PersonDetailActivity"
29-->src/main/AndroidManifest.xml:17:13-59
30            android:exported="false" />
30-->src/main/AndroidManifest.xml:18:13-37
31        <activity
31-->src/main/AndroidManifest.xml:19:9-21:40
32            android:name="io.openim.android.demo.ui.search.SearchPersonActivity"
32-->src/main/AndroidManifest.xml:20:13-59
33            android:exported="false" />
33-->src/main/AndroidManifest.xml:21:13-37
34        <activity
34-->src/main/AndroidManifest.xml:22:9-24:40
35            android:name="io.openim.android.demo.ui.search.AddFriendActivity"
35-->src/main/AndroidManifest.xml:23:13-56
36            android:exported="false" />
36-->src/main/AndroidManifest.xml:24:13-37
37        <activity
37-->src/main/AndroidManifest.xml:25:9-27:40
38            android:name="io.openim.android.demo.ui.login.RegisterActivity"
38-->src/main/AndroidManifest.xml:26:13-54
39            android:exported="false" />
39-->src/main/AndroidManifest.xml:27:13-37
40        <activity
40-->src/main/AndroidManifest.xml:28:9-30:40
41            android:name="io.openim.android.demo.ui.login.LoginActivity"
41-->src/main/AndroidManifest.xml:29:13-51
42            android:exported="false" />
42-->src/main/AndroidManifest.xml:30:13-37
43        <activity
43-->src/main/AndroidManifest.xml:31:9-40:20
44            android:name="io.openim.android.demo.SplashActivity"
44-->src/main/AndroidManifest.xml:32:13-43
45            android:exported="true"
45-->src/main/AndroidManifest.xml:33:13-36
46            android:theme="@style/SplashTheme" >
46-->src/main/AndroidManifest.xml:34:13-47
47            <intent-filter>
47-->src/main/AndroidManifest.xml:35:13-39:29
48                <action android:name="android.intent.action.MAIN" />
48-->src/main/AndroidManifest.xml:36:17-69
48-->src/main/AndroidManifest.xml:36:25-66
49
50                <category android:name="android.intent.category.LAUNCHER" />
50-->src/main/AndroidManifest.xml:38:17-77
50-->src/main/AndroidManifest.xml:38:27-74
51            </intent-filter>
52        </activity>
53        <activity android:name="io.openim.android.demo.ui.main.MainActivity" />
53-->src/main/AndroidManifest.xml:41:9-58
53-->src/main/AndroidManifest.xml:41:19-55
54        <activity
54-->[:OUIContact] AndroidManifest.xml:10:9-12:40
55            android:name="io.openim.android.ouicontact.ui.ChatActivity"
55-->[:OUIContact] AndroidManifest.xml:11:13-72
56            android:exported="false" />
56-->[:OUIContact] AndroidManifest.xml:12:13-37
57    </application>
58
59</manifest>